TN:
SF:01-requestcount.js
FNF:0
FNH:0
DA:1,1
DA:2,1
DA:3,1
DA:4,1
DA:5,1
DA:6,1
DA:7,1
DA:8,1
DA:9,1
DA:10,1
DA:11,1
DA:12,1
DA:13,1
DA:14,12
DA:15,12
DA:16,12
DA:17,1
DA:18,1
DA:19,10
DA:20,1
DA:21,1
DA:22,1
DA:23,0
DA:24,1
DA:25,1
DA:26,1
DA:27,2
DA:28,1
DA:29,1
DA:30,1
LF:30
LH:29
BRDA:13,0,0,12
BRDA:18,1,0,10
BRDA:26,2,0,2
BRF:3
BRH:3
end_of_record
TN:
SF:02-ratelimitter.js
FNF:0
FNH:0
DA:1,1
DA:2,1
DA:3,1
DA:4,1
DA:5,1
DA:6,1
DA:7,1
DA:8,1
DA:9,1
DA:10,1
DA:11,1
DA:12,1
DA:13,1
DA:14,1
DA:15,1
DA:16,2
DA:17,1
DA:18,1
DA:19,1
DA:20,13
DA:21,13
DA:22,11
DA:23,6
DA:24,11
DA:25,5
DA:26,5
DA:27,13
DA:28,2
DA:29,2
DA:30,13
DA:31,1
DA:32,1
DA:33,1
DA:34,13
DA:35,1
DA:36,1
DA:37,1
DA:38,0
DA:39,1
DA:40,1
DA:41,1
LF:41
LH:40
BRDA:15,0,0,2
BRDA:19,1,0,13
BRDA:21,2,0,11
BRDA:22,3,0,6
BRDA:24,4,0,5
BRDA:27,5,0,2
BRDA:33,6,0,13
BRF:7
BRH:7
end_of_record
TN:
SF:03-errorcount.js
FNF:0
FNH:0
DA:1,1
DA:2,1
DA:3,1
DA:4,1
DA:5,1
DA:6,1
DA:7,1
DA:8,1
DA:9,1
DA:10,1
DA:11,1
DA:12,1
DA:13,1
DA:14,11
DA:15,11
DA:16,0
DA:17,11
DA:18,11
DA:19,11
DA:20,1
DA:21,1
DA:22,1
DA:23,0
DA:24,0
DA:25,0
DA:26,0
DA:27,0
DA:28,1
DA:29,1
DA:30,1
DA:31,2
DA:32,1
DA:33,1
DA:34,1
DA:35,11
DA:36,11
DA:37,11
DA:38,1
DA:39,1
LF:39
LH:33
BRDA:13,0,0,11
BRDA:15,1,0,0
BRDA:30,2,0,2
BRDA:34,3,0,11
BRF:4
BRH:3
end_of_record
